Change Component Designator: Old Designator=3.3V New Designator=1
Change Component Designator: Old Designator=5V New Designator=2
Change Component Designator: Old Designator=485_120 New Designator=3
Change Component Designator: Old Designator=ADC New Designator=ADC1
Change Component Designator: Old Designator=C1 New Designator=C2
Change Component Designator: Old Designator=C2 New Designator=C3
Change Component Designator: Old Designator=C3 New Designator=C4
Change Component Designator: Old Designator=C4 New Designator=C5
Change Component Designator: Old Designator=C5 New Designator=C6
Change Component Designator: Old Designator=C6 New Designator=C7
Change Component Designator: Old Designator=C7 New Designator=C8
Change Component Designator: Old Designator=C8 New Designator=C9
Change Component Designator: Old Designator=C9 New Designator=C10
Change Component Designator: Old Designator=C10 New Designator=C11
Change Component Designator: Old Designator=C11 New Designator=C12
Change Component Designator: Old Designator=C12 New Designator=C13
Change Component Designator: Old Designator=C13 New Designator=C14
Change Component Designator: Old Designator=C14 New Designator=C15
Change Component Designator: Old Designator=C? New Designator=C1
Change Component Designator: Old Designator=CAN_120 New Designator=CAN_1
Change Component Designator: Old Designator=GND New Designator=GND1
Change Component Designator: Old Designator=I2C New Designator=I1
Change Component Designator: Old Designator=M3 New Designator=M2
Change Component Designator: Old Designator=SPI New Designator=SPI1
Change Component Designator: Old Designator=UART3 New Designator=UART1
Change Component Designator: Old Designator=VIN New Designator=VIN2
