Removed Pin From Net: NetName=PC13 Pin=P7-18
Removed Pin From Net: NetName=PE6 Pin=P7-19
Removed Pin From Net: NetName=PE5 Pin=P7-20
Removed Pin From Net: NetName=PE4 Pin=P7-21
Removed Pin From Net: NetName=PE3 Pin=P7-22
Removed Pin From Net: NetName=PE2 Pin=P7-23
Removed Pin From Net: NetName=PD10 Pin=P9-17
Removed Pin From Net: NetName=PD8 Pin=P9-18
Removed Pin From Net: NetName=PB15 Pin=P9-19
Removed Pin From Net: NetName=PB14 Pin=P9-20
Removed Pin From Net: NetName=PB13 Pin=P9-21
Removed Pin From Net: NetName=PB12 Pin=P9-22
Removed Pin From Net: NetName=PC12 Pin=P11-20
Added Pin To Net: NetName=PE2 Pin=*1-2
Added Pin To Net: NetName=PE4 Pin=*1-3
Added Pin To Net: NetName=PE3 Pin=*1-4
Added Pin To Net: NetName=PE6 Pin=*1-5
Added Pin To Net: NetName=PE5 Pin=*1-6
Added Pin To Net: NetName=PF0 Pin=*1-7
Added Pin To Net: NetName=PC13 Pin=*1-8
Added Pin To Net: NetName=PF2 Pin=*1-9
Added Pin To Net: NetName=PF1 Pin=*1-10
Added Pin To Net: NetName=PF4 Pin=*1-11
Added Pin To Net: NetName=PF3 Pin=*1-12
Added Pin To Net: NetName=PF6 Pin=*1-13
Added Pin To Net: NetName=PF5 Pin=*1-14
Added Pin To Net: NetName=PF8 Pin=*1-15
Added Pin To Net: NetName=PF7 Pin=*1-16
Added Pin To Net: NetName=PF10 Pin=*1-17
Added Pin To Net: NetName=PF9 Pin=*1-18
Added Pin To Net: NetName=PC0 Pin=*1-20
Added Pin To Net: NetName=PC2 Pin=*1-21
Added Pin To Net: NetName=PC2 Pin=*1-22
Added Pin To Net: NetName=PC3 Pin=*1-23
Added Pin To Net: NetName=PC4 Pin=*1-35
Added Pin To Net: NetName=PB0 Pin=*1-37
Added Pin To Net: NetName=PF12 Pin=*1-41
Added Pin To Net: NetName=PF11 Pin=*1-42
Added Pin To Net: NetName=PF13 Pin=*1-43
Added Pin To Net: NetName=PF14 Pin=*1-44
Added Pin To Net: NetName=PF15 Pin=*1-45
Added Pin To Net: NetName=PG0 Pin=*1-46
Added Pin To Net: NetName=PG1 Pin=*1-47
Added Pin To Net: NetName=PE7 Pin=*1-48
Added Pin To Net: NetName=PE8 Pin=*1-49
Added Pin To Net: NetName=PE9 Pin=*1-50
Added Pin To Net: NetName=PE10 Pin=*1-51
Added Pin To Net: NetName=PE11 Pin=*1-52
Added Pin To Net: NetName=PE12 Pin=*1-53
Added Pin To Net: NetName=PE13 Pin=*1-54
Added Pin To Net: NetName=PE14 Pin=*1-55
Added Pin To Net: NetName=PE15 Pin=*1-56
Added Pin To Net: NetName=PB10 Pin=*1-57
Added Pin To Net: NetName=PB11 Pin=*1-58
Added Pin To Net: NetName=PA12 Pin=*1-60
Added Pin To Net: NetName=PA11 Pin=*1-61
Added Pin To Net: NetName=PA8 Pin=*1-64
Added Pin To Net: NetName=PC9 Pin=*1-65
Added Pin To Net: NetName=PC8 Pin=*1-66
Added Pin To Net: NetName=PG8 Pin=*1-69
Added Pin To Net: NetName=PG7 Pin=*1-71
Added Pin To Net: NetName=PG6 Pin=*1-72
Added Pin To Net: NetName=PG5 Pin=*1-73
Added Pin To Net: NetName=PG4 Pin=*1-74
Added Pin To Net: NetName=PG2 Pin=*1-75
Added Pin To Net: NetName=PG3 Pin=*1-76
Added Pin To Net: NetName=PD14 Pin=*1-77
Added Pin To Net: NetName=PD15 Pin=*1-78
Added Pin To Net: NetName=PD12 Pin=*1-79
Added Pin To Net: NetName=PD13 Pin=*1-80
Added Pin To Net: NetName=PD10 Pin=*1-81
Added Pin To Net: NetName=PD8 Pin=*1-83
Added Pin To Net: NetName=PB14 Pin=*1-85
Added Pin To Net: NetName=PB15 Pin=*1-86
Added Pin To Net: NetName=PB12 Pin=*1-87
Added Pin To Net: NetName=PB13 Pin=*1-88
Added Pin To Net: NetName=PE1 Pin=*1-90
Added Pin To Net: NetName=PE0 Pin=*1-91
Added Pin To Net: NetName=PB9 Pin=*1-92
Added Pin To Net: NetName=PB8 Pin=*1-93
Added Pin To Net: NetName=PB5 Pin=*1-96
Added Pin To Net: NetName=PB4 Pin=*1-97
Added Pin To Net: NetName=PB3 Pin=*1-98
Added Pin To Net: NetName=PG15 Pin=*1-99
Added Pin To Net: NetName=PG14 Pin=*1-100
Added Pin To Net: NetName=PG13 Pin=*1-101
Added Pin To Net: NetName=PG12 Pin=*1-102
Added Pin To Net: NetName=PG11 Pin=*1-103
Added Pin To Net: NetName=PG10 Pin=*1-104
Added Pin To Net: NetName=PD7 Pin=*1-105
Added Pin To Net: NetName=PG9 Pin=*1-106
Added Pin To Net: NetName=PD3 Pin=*1-109
Added Pin To Net: NetName=PD4 Pin=*1-110
Added Pin To Net: NetName=PD2 Pin=*1-112
Added Pin To Net: NetName=PC12 Pin=*1-113
Added Pin To Net: NetName=PA15 Pin=*1-118
Added Pin To Net: NetName=PC13 Pin=P7-16
Added Pin To Net: NetName=PE6 Pin=P7-17
Added Pin To Net: NetName=PE5 Pin=P7-18
Added Pin To Net: NetName=PE4 Pin=P7-19
Added Pin To Net: NetName=PE3 Pin=P7-20
Added Pin To Net: NetName=PE2 Pin=P7-21
Added Pin To Net: NetName=PD10 Pin=P9-18
Added Pin To Net: NetName=PD8 Pin=P9-20
Added Pin To Net: NetName=PB15 Pin=P9-21
Added Pin To Net: NetName=PB14 Pin=P9-22
Added Pin To Net: NetName=PB13 Pin=P9-23
Added Pin To Net: NetName=PB12 Pin=P9-24
Added Pin To Net: NetName=PC12 Pin=P11-22
Added Pin To Net: NetName=PD0 Pin=*1-114
Added Pin To Net: NetName=PD0 Pin=P11-21
Added Net: Name=PD0
Added Pin To Net: NetName=PD1 Pin=*1-111
Added Pin To Net: NetName=PD1 Pin=P11-20
Added Net: Name=PD1
Added Pin To Net: NetName=PD9 Pin=*1-84
Added Pin To Net: NetName=PD9 Pin=P9-19
Added Net: Name=PD9
Added Pin To Net: NetName=PD11 Pin=*1-82
Added Pin To Net: NetName=PD11 Pin=P9-17
Added Net: Name=PD11
Added Room: Name=2019Ö÷¿Ø°åv1.1
