Added Component: Designator=*1(STM32F407)
Add component. Clean all parameters for all variants
Added Component: Designator=6(0805D)
Add component. Clean all parameters for all variants
Added Component: Designator=7(HDR1X4)
Add component. Clean all parameters for all variants
Add component (AddParameter): Name = "LatestRevisionDate"; Value = "17-Jul-2002"; VariantName = "[No Variations]"
Add component (AddParameter): Name = "LatestRevisionNote"; Value = "Re-released for DXP Platform."; VariantName = "[No Variations]"
Add component (AddParameter): Name = "Publisher"; Value = "Altium Limited"; VariantName = "[No Variations]"
Add component (AddParameter): Name = "VALUE"; Value = ""; VariantName = "[No Variations]"
Added Component: Designator=8(HDR1X4)
Add component. Clean all parameters for all variants
Add component (AddParameter): Name = "LatestRevisionDate"; Value = "17-Jul-2002"; VariantName = "[No Variations]"
Add component (AddParameter): Name = "LatestRevisionNote"; Value = "Re-released for DXP Platform."; VariantName = "[No Variations]"
Add component (AddParameter): Name = "Publisher"; Value = "Altium Limited"; VariantName = "[No Variations]"
Add component (AddParameter): Name = "VALUE"; Value = ""; VariantName = "[No Variations]"
Added Component: Designator=10(HDR1X4)
Add component. Clean all parameters for all variants
Add component (AddParameter): Name = "LatestRevisionDate"; Value = "17-Jul-2002"; VariantName = "[No Variations]"
Add component (AddParameter): Name = "LatestRevisionNote"; Value = "Re-released for DXP Platform."; VariantName = "[No Variations]"
Add component (AddParameter): Name = "Publisher"; Value = "Altium Limited"; VariantName = "[No Variations]"
Add component (AddParameter): Name = "VALUE"; Value = ""; VariantName = "[No Variations]"
Added Component: Designator=ADC2(HDR1X4)
Add component. Clean all parameters for all variants
Add component (AddParameter): Name = "LatestRevisionDate"; Value = "17-Jul-2002"; VariantName = "[No Variations]"
Add component (AddParameter): Name = "LatestRevisionNote"; Value = "Re-released for DXP Platform."; VariantName = "[No Variations]"
Add component (AddParameter): Name = "Publisher"; Value = "Altium Limited"; VariantName = "[No Variations]"
Add component (AddParameter): Name = "VALUE"; Value = ""; VariantName = "[No Variations]"
Added Component: Designator=C43(CAP-MLCC-0603)
Add component. Clean all parameters for all variants
Add component (AddParameter): Name = "LatestRevisionDate"; Value = "17-Jul-2002"; VariantName = "[No Variations]"
Add component (AddParameter): Name = "LatestRevisionNote"; Value = "Re-released for DXP Platform."; VariantName = "[No Variations]"
Add component (AddParameter): Name = "PackageReference"; Value = "RAD-0.3"; VariantName = "[No Variations]"
Add component (AddParameter): Name = "Published"; Value = "8-Jun-2000"; VariantName = "[No Variations]"
Add component (AddParameter): Name = "Publisher"; Value = "Altium Limited"; VariantName = "[No Variations]"
Add component (AddParameter): Name = "Value"; Value = "1.5nF"; VariantName = "[No Variations]"
Added Component: Designator=C44(0805C)
Add component. Clean all parameters for all variants
Add component (AddParameter): Name = "LatestRevisionDate"; Value = "17-Jul-2002"; VariantName = "[No Variations]"
Add component (AddParameter): Name = "LatestRevisionNote"; Value = "Re-released for DXP Platform."; VariantName = "[No Variations]"
Add component (AddParameter): Name = "PackageReference"; Value = "RAD-0.3"; VariantName = "[No Variations]"
Add component (AddParameter): Name = "Published"; Value = "8-Jun-2000"; VariantName = "[No Variations]"
Add component (AddParameter): Name = "Publisher"; Value = "Altium Limited"; VariantName = "[No Variations]"
Add component (AddParameter): Name = "Value"; Value = "10uF"; VariantName = "[No Variations]"
Added Component: Designator=C45(CAP-MLCC-0603)
Add component. Clean all parameters for all variants
Add component (AddParameter): Name = "LatestRevisionDate"; Value = "17-Jul-2002"; VariantName = "[No Variations]"
Add component (AddParameter): Name = "LatestRevisionNote"; Value = "Re-released for DXP Platform."; VariantName = "[No Variations]"
Add component (AddParameter): Name = "PackageReference"; Value = "RAD-0.3"; VariantName = "[No Variations]"
Add component (AddParameter): Name = "Published"; Value = "8-Jun-2000"; VariantName = "[No Variations]"
Add component (AddParameter): Name = "Publisher"; Value = "Altium Limited"; VariantName = "[No Variations]"
Add component (AddParameter): Name = "Value"; Value = "0.1uF"; VariantName = "[No Variations]"
Added Component: Designator=C46(6032C)
Add component. Clean all parameters for all variants
Add component (AddParameter): Name = "LatestRevisionDate"; Value = "17-Jul-2002"; VariantName = "[No Variations]"
Add component (AddParameter): Name = "LatestRevisionNote"; Value = "Re-released for DXP Platform."; VariantName = "[No Variations]"
Add component (AddParameter): Name = "PackageReference"; Value = "C0805"; VariantName = "[No Variations]"
Add component (AddParameter): Name = "Published"; Value = "8-Jun-2000"; VariantName = "[No Variations]"
Add component (AddParameter): Name = "Publisher"; Value = "Altium Limited"; VariantName = "[No Variations]"
Add component (AddParameter): Name = "Value"; Value = "100uF"; VariantName = "[No Variations]"
Added Component: Designator=C47(C_ELE)
Add component. Clean all parameters for all variants
Add component (AddParameter): Name = "LatestRevisionDate"; Value = "17-Jul-2002"; VariantName = "[No Variations]"
Add component (AddParameter): Name = "LatestRevisionNote"; Value = "Re-released for DXP Platform."; VariantName = "[No Variations]"
Add component (AddParameter): Name = "PackageDescription"; Value = "Polarized Capacitor (Radial); 2 Leads"; VariantName = "[No Variations]"
Add component (AddParameter): Name = "PackageReference"; Value = "RB7.6-15"; VariantName = "[No Variations]"
Add component (AddParameter): Name = "Published"; Value = "8-Jun-2000"; VariantName = "[No Variations]"
Add component (AddParameter): Name = "Publisher"; Value = "Altium Limited"; VariantName = "[No Variations]"
Add component (AddParameter): Name = "Value"; Value = "*米F"; VariantName = "[No Variations]"
Added Component: Designator=C48(CAP-MLCC-0603)
Add component. Clean all parameters for all variants
Add component (AddParameter): Name = "LatestRevisionDate"; Value = "17-Jul-2002"; VariantName = "[No Variations]"
Add component (AddParameter): Name = "LatestRevisionNote"; Value = "Re-released for DXP Platform."; VariantName = "[No Variations]"
Add component (AddParameter): Name = "PackageReference"; Value = "RAD-0.3"; VariantName = "[No Variations]"
Add component (AddParameter): Name = "Published"; Value = "8-Jun-2000"; VariantName = "[No Variations]"
Add component (AddParameter): Name = "Publisher"; Value = "Altium Limited"; VariantName = "[No Variations]"
Add component (AddParameter): Name = "Value"; Value = "0.1uF"; VariantName = "[No Variations]"
Added Component: Designator=C49(0805C)
Add component. Clean all parameters for all variants
Add component (AddParameter): Name = "LatestRevisionDate"; Value = "17-Jul-2002"; VariantName = "[No Variations]"
Add component (AddParameter): Name = "LatestRevisionNote"; Value = "Re-released for DXP Platform."; VariantName = "[No Variations]"
Add component (AddParameter): Name = "PackageReference"; Value = "RAD-0.3"; VariantName = "[No Variations]"
Add component (AddParameter): Name = "Published"; Value = "8-Jun-2000"; VariantName = "[No Variations]"
Add component (AddParameter): Name = "Publisher"; Value = "Altium Limited"; VariantName = "[No Variations]"
Add component (AddParameter): Name = "Value"; Value = "10uF"; VariantName = "[No Variations]"
Added Component: Designator=C50(CAP-MLCC-0603)
Add component. Clean all parameters for all variants
Add component (AddParameter): Name = "LatestRevisionDate"; Value = "17-Jul-2002"; VariantName = "[No Variations]"
Add component (AddParameter): Name = "LatestRevisionNote"; Value = "Re-released for DXP Platform."; VariantName = "[No Variations]"
Add component (AddParameter): Name = "PackageReference"; Value = "RAD-0.3"; VariantName = "[No Variations]"
Add component (AddParameter): Name = "Published"; Value = "8-Jun-2000"; VariantName = "[No Variations]"
Add component (AddParameter): Name = "Publisher"; Value = "Altium Limited"; VariantName = "[No Variations]"
Add component (AddParameter): Name = "Value"; Value = "470pF"; VariantName = "[No Variations]"
Added Component: Designator=C51(CAP-MLCC-0603)
Add component. Clean all parameters for all variants
Add component (AddParameter): Name = "LatestRevisionDate"; Value = "17-Jul-2002"; VariantName = "[No Variations]"
Add component (AddParameter): Name = "LatestRevisionNote"; Value = "Re-released for DXP Platform."; VariantName = "[No Variations]"
Add component (AddParameter): Name = "PackageReference"; Value = "RAD-0.3"; VariantName = "[No Variations]"
Add component (AddParameter): Name = "Published"; Value = "8-Jun-2000"; VariantName = "[No Variations]"
Add component (AddParameter): Name = "Publisher"; Value = "Altium Limited"; VariantName = "[No Variations]"
Add component (AddParameter): Name = "Value"; Value = "0.1uF"; VariantName = "[No Variations]"
Added Component: Designator=C52(CAP-TAN-7343/CAPD)
Add component. Clean all parameters for all variants
Add component (AddParameter): Name = "LatestRevisionDate"; Value = "17-Jul-2002"; VariantName = "[No Variations]"
Add component (AddParameter): Name = "LatestRevisionNote"; Value = "Re-released for DXP Platform."; VariantName = "[No Variations]"
Add component (AddParameter): Name = "PackageReference"; Value = "RB7.6-15"; VariantName = "[No Variations]"
Add component (AddParameter): Name = "Published"; Value = "8-Jun-2000"; VariantName = "[No Variations]"
Add component (AddParameter): Name = "Publisher"; Value = "Altium Limited"; VariantName = "[No Variations]"
Add component (AddParameter): Name = "Value"; Value = "220uF"; VariantName = "[No Variations]"
Added Component: Designator=C53(0805C)
Add component. Clean all parameters for all variants
Add component (AddParameter): Name = "LatestRevisionDate"; Value = "17-Jul-2002"; VariantName = "[No Variations]"
Add component (AddParameter): Name = "LatestRevisionNote"; Value = "Re-released for DXP Platform."; VariantName = "[No Variations]"
Add component (AddParameter): Name = "PackageReference"; Value = "RAD-0.3"; VariantName = "[No Variations]"
Add component (AddParameter): Name = "Published"; Value = "8-Jun-2000"; VariantName = "[No Variations]"
Add component (AddParameter): Name = "Publisher"; Value = "Altium Limited"; VariantName = "[No Variations]"
Add component (AddParameter): Name = "Value"; Value = "10uF"; VariantName = "[No Variations]"
Added Component: Designator=C54(CAP-MLCC-0603)
Add component. Clean all parameters for all variants
Add component (AddParameter): Name = "LatestRevisionDate"; Value = "17-Jul-2002"; VariantName = "[No Variations]"
Add component (AddParameter): Name = "LatestRevisionNote"; Value = "Re-released for DXP Platform."; VariantName = "[No Variations]"
Add component (AddParameter): Name = "PackageReference"; Value = "RAD-0.3"; VariantName = "[No Variations]"
Add component (AddParameter): Name = "Published"; Value = "8-Jun-2000"; VariantName = "[No Variations]"
Add component (AddParameter): Name = "Publisher"; Value = "Altium Limited"; VariantName = "[No Variations]"
Add component (AddParameter): Name = "Value"; Value = "0.1uF"; VariantName = "[No Variations]"
Added Component: Designator=C55(CAP-MLCC-0603)
Add component. Clean all parameters for all variants
Add component (AddParameter): Name = "LatestRevisionDate"; Value = "17-Jul-2002"; VariantName = "[No Variations]"
Add component (AddParameter): Name = "LatestRevisionNote"; Value = "Re-released for DXP Platform."; VariantName = "[No Variations]"
Add component (AddParameter): Name = "PackageDescription"; Value = "Radial Cap, Thru-Hole; 2 Leads; 0.3 in Pin Spacing"; VariantName = "[No Variations]"
Add component (AddParameter): Name = "PackageReference"; Value = "RAD-0.3"; VariantName = "[No Variations]"
Add component (AddParameter): Name = "Published"; Value = "8-Jun-2000"; VariantName = "[No Variations]"
Add component (AddParameter): Name = "Publisher"; Value = "Altium Limited"; VariantName = "[No Variations]"
Add component (AddParameter): Name = "Value"; Value = "*米F"; VariantName = "[No Variations]"
Added Component: Designator=C56(CAP-MLCC-0603)
Add component. Clean all parameters for all variants
Add component (AddParameter): Name = "LatestRevisionDate"; Value = "17-Jul-2002"; VariantName = "[No Variations]"
Add component (AddParameter): Name = "LatestRevisionNote"; Value = "Re-released for DXP Platform."; VariantName = "[No Variations]"
Add component (AddParameter): Name = "PackageDescription"; Value = "Radial Cap, Thru-Hole; 2 Leads; 0.3 in Pin Spacing"; VariantName = "[No Variations]"
Add component (AddParameter): Name = "PackageReference"; Value = "RAD-0.3"; VariantName = "[No Variations]"
Add component (AddParameter): Name = "Published"; Value = "8-Jun-2000"; VariantName = "[No Variations]"
Add component (AddParameter): Name = "Publisher"; Value = "Altium Limited"; VariantName = "[No Variations]"
Add component (AddParameter): Name = "Value"; Value = "*米F"; VariantName = "[No Variations]"
Added Component: Designator=C57(CAP-MLCC-0603)
Add component. Clean all parameters for all variants
Add component (AddParameter): Name = "LatestRevisionDate"; Value = "17-Jul-2002"; VariantName = "[No Variations]"
Add component (AddParameter): Name = "LatestRevisionNote"; Value = "Re-released for DXP Platform."; VariantName = "[No Variations]"
Add component (AddParameter): Name = "PackageDescription"; Value = "Radial Cap, Thru-Hole; 2 Leads; 0.3 in Pin Spacing"; VariantName = "[No Variations]"
Add component (AddParameter): Name = "PackageReference"; Value = "RAD-0.3"; VariantName = "[No Variations]"
Add component (AddParameter): Name = "Published"; Value = "8-Jun-2000"; VariantName = "[No Variations]"
Add component (AddParameter): Name = "Publisher"; Value = "Altium Limited"; VariantName = "[No Variations]"
Add component (AddParameter): Name = "Value"; Value = "*米F"; VariantName = "[No Variations]"
Added Component: Designator=C58(CAP-MLCC-0603)
Add component. Clean all parameters for all variants
Add component (AddParameter): Name = "LatestRevisionDate"; Value = "17-Jul-2002"; VariantName = "[No Variations]"
Add component (AddParameter): Name = "LatestRevisionNote"; Value = "Re-released for DXP Platform."; VariantName = "[No Variations]"
Add component (AddParameter): Name = "PackageDescription"; Value = "Radial Cap, Thru-Hole; 2 Leads; 0.3 in Pin Spacing"; VariantName = "[No Variations]"
Add component (AddParameter): Name = "PackageReference"; Value = "RAD-0.3"; VariantName = "[No Variations]"
Add component (AddParameter): Name = "Published"; Value = "8-Jun-2000"; VariantName = "[No Variations]"
Add component (AddParameter): Name = "Publisher"; Value = "Altium Limited"; VariantName = "[No Variations]"
Add component (AddParameter): Name = "Value"; Value = "*米F"; VariantName = "[No Variations]"
Added Component: Designator=C59(CAP-MLCC-0603)
Add component. Clean all parameters for all variants
Add component (AddParameter): Name = "LatestRevisionDate"; Value = "17-Jul-2002"; VariantName = "[No Variations]"
Add component (AddParameter): Name = "LatestRevisionNote"; Value = "Re-released for DXP Platform."; VariantName = "[No Variations]"
Add component (AddParameter): Name = "PackageDescription"; Value = "Radial Cap, Thru-Hole; 2 Leads; 0.3 in Pin Spacing"; VariantName = "[No Variations]"
Add component (AddParameter): Name = "PackageReference"; Value = "RAD-0.3"; VariantName = "[No Variations]"
Add component (AddParameter): Name = "Published"; Value = "8-Jun-2000"; VariantName = "[No Variations]"
Add component (AddParameter): Name = "Publisher"; Value = "Altium Limited"; VariantName = "[No Variations]"
Add component (AddParameter): Name = "Value"; Value = "*米F"; VariantName = "[No Variations]"
Added Component: Designator=C60(CAP-MLCC-0603)
Add component. Clean all parameters for all variants
Add component (AddParameter): Name = "LatestRevisionDate"; Value = "17-Jul-2002"; VariantName = "[No Variations]"
Add component (AddParameter): Name = "LatestRevisionNote"; Value = "Re-released for DXP Platform."; VariantName = "[No Variations]"
Add component (AddParameter): Name = "PackageDescription"; Value = "Radial Cap, Thru-Hole; 2 Leads; 0.3 in Pin Spacing"; VariantName = "[No Variations]"
Add component (AddParameter): Name = "PackageReference"; Value = "RAD-0.3"; VariantName = "[No Variations]"
Add component (AddParameter): Name = "Published"; Value = "8-Jun-2000"; VariantName = "[No Variations]"
Add component (AddParameter): Name = "Publisher"; Value = "Altium Limited"; VariantName = "[No Variations]"
Add component (AddParameter): Name = "Value"; Value = "*米F"; VariantName = "[No Variations]"
Added Component: Designator=D4(SS34)
Add component. Clean all parameters for all variants
Added Component: Designator=D5(SS34)
Add component. Clean all parameters for all variants
Added Component: Designator=D6(SS34)
Add component. Clean all parameters for all variants
Added Component: Designator=L4(CD52)
Add component. Clean all parameters for all variants
Add component (AddParameter): Name = "Code_IEC"; Value = "1005"; VariantName = "[No Variations]"
Add component (AddParameter): Name = "Code_JEITA"; Value = "0402"; VariantName = "[No Variations]"
Add component (AddParameter): Name = "LatestRevisionDate"; Value = "17-Jul-2002"; VariantName = "[No Variations]"
Add component (AddParameter): Name = "LatestRevisionNote"; Value = "Re-released for DXP Platform."; VariantName = "[No Variations]"
Add component (AddParameter): Name = "PackageReference"; Value = "0402-A"; VariantName = "[No Variations]"
Add component (AddParameter): Name = "Published"; Value = "8-Jun-2000"; VariantName = "[No Variations]"
Add component (AddParameter): Name = "Publisher"; Value = "Altium Limited"; VariantName = "[No Variations]"
Add component (AddParameter): Name = "Value"; Value = "47uH"; VariantName = "[No Variations]"
Added Component: Designator=L5(CD74)
Add component. Clean all parameters for all variants
Add component (AddParameter): Name = "Code_IEC"; Value = "1005"; VariantName = "[No Variations]"
Add component (AddParameter): Name = "Code_JEITA"; Value = "0402"; VariantName = "[No Variations]"
Add component (AddParameter): Name = "LatestRevisionDate"; Value = "17-Jul-2002"; VariantName = "[No Variations]"
Add component (AddParameter): Name = "LatestRevisionNote"; Value = "Re-released for DXP Platform."; VariantName = "[No Variations]"
Add component (AddParameter): Name = "PackageReference"; Value = "0402-A"; VariantName = "[No Variations]"
Add component (AddParameter): Name = "Published"; Value = "8-Jun-2000"; VariantName = "[No Variations]"
Add component (AddParameter): Name = "Publisher"; Value = "Altium Limited"; VariantName = "[No Variations]"
Add component (AddParameter): Name = "Value"; Value = "170uH"; VariantName = "[No Variations]"
Added Component: Designator=L6(CD52)
Add component. Clean all parameters for all variants
Add component (AddParameter): Name = "Code_IEC"; Value = "1005"; VariantName = "[No Variations]"
Add component (AddParameter): Name = "Code_JEITA"; Value = "0402"; VariantName = "[No Variations]"
Add component (AddParameter): Name = "LatestRevisionDate"; Value = "17-Jul-2002"; VariantName = "[No Variations]"
Add component (AddParameter): Name = "LatestRevisionNote"; Value = "Re-released for DXP Platform."; VariantName = "[No Variations]"
Add component (AddParameter): Name = "PackageReference"; Value = "0402-A"; VariantName = "[No Variations]"
Add component (AddParameter): Name = "Published"; Value = "8-Jun-2000"; VariantName = "[No Variations]"
Add component (AddParameter): Name = "Publisher"; Value = "Altium Limited"; VariantName = "[No Variations]"
Add component (AddParameter): Name = "Value"; Value = "47uH"; VariantName = "[No Variations]"
Added Component: Designator=LM2(TO-263-5)
Add component. Clean all parameters for all variants
Added Component: Designator=M5(SO-16_M)
Add component. Clean all parameters for all variants
Added Component: Designator=M6(SO8_M)
Add component. Clean all parameters for all variants
Added Component: Designator=M7(Green_3P)
Add component. Clean all parameters for all variants
Add component (AddParameter): Name = "LatestRevisionDate"; Value = "17-Jul-2002"; VariantName = "[No Variations]"
Add component (AddParameter): Name = "LatestRevisionNote"; Value = "Re-released for DXP Platform."; VariantName = "[No Variations]"
Add component (AddParameter): Name = "Publisher"; Value = "Altium Limited"; VariantName = "[No Variations]"
Add component (AddParameter): Name = "VALUE"; Value = ""; VariantName = "[No Variations]"
Added Component: Designator=M8(Green_2P)
Add component. Clean all parameters for all variants
Add component (AddParameter): Name = "LatestRevisionDate"; Value = "17-Jul-2002"; VariantName = "[No Variations]"
Add component (AddParameter): Name = "LatestRevisionNote"; Value = "Re-released for DXP Platform."; VariantName = "[No Variations]"
Add component (AddParameter): Name = "Publisher"; Value = "Altium Limited"; VariantName = "[No Variations]"
Added Component: Designator=M_2(SIP2)
Add component. Clean all parameters for all variants
Add component (AddParameter): Name = "LatestRevisionDate"; Value = "17-Jul-2002"; VariantName = "[No Variations]"
Add component (AddParameter): Name = "LatestRevisionNote"; Value = "Re-released for DXP Platform."; VariantName = "[No Variations]"
Add component (AddParameter): Name = "Publisher"; Value = "Altium Limited"; VariantName = "[No Variations]"
Added Component: Designator=MC2(SO8)
Add component. Clean all parameters for all variants
Added Component: Designator=P7(HDR2X12)
Add component. Clean all parameters for all variants
Add component (AddParameter): Name = "LatestRevisionDate"; Value = "17-Jul-2002"; VariantName = "[No Variations]"
Add component (AddParameter): Name = "LatestRevisionNote"; Value = "Re-released for DXP Platform."; VariantName = "[No Variations]"
Add component (AddParameter): Name = "Publisher"; Value = "Altium Limited"; VariantName = "[No Variations]"
Added Component: Designator=P8(HDR2X12)
Add component. Clean all parameters for all variants
Add component (AddParameter): Name = "LatestRevisionDate"; Value = "17-Jul-2002"; VariantName = "[No Variations]"
Add component (AddParameter): Name = "LatestRevisionNote"; Value = "Re-released for DXP Platform."; VariantName = "[No Variations]"
Add component (AddParameter): Name = "Publisher"; Value = "Altium Limited"; VariantName = "[No Variations]"
Added Component: Designator=P9(HDR2X12)
Add component. Clean all parameters for all variants
Add component (AddParameter): Name = "LatestRevisionDate"; Value = "17-Jul-2002"; VariantName = "[No Variations]"
Add component (AddParameter): Name = "LatestRevisionNote"; Value = "Re-released for DXP Platform."; VariantName = "[No Variations]"
Add component (AddParameter): Name = "Publisher"; Value = "Altium Limited"; VariantName = "[No Variations]"
Added Component: Designator=P10(HDR1X6)
Add component. Clean all parameters for all variants
Add component (AddParameter): Name = "LatestRevisionDate"; Value = "17-Jul-2002"; VariantName = "[No Variations]"
Add component (AddParameter): Name = "LatestRevisionNote"; Value = "Re-released for DXP Platform."; VariantName = "[No Variations]"
Add component (AddParameter): Name = "Publisher"; Value = "Altium Limited"; VariantName = "[No Variations]"
Add component (AddParameter): Name = "VALUE"; Value = ""; VariantName = "[No Variations]"
Added Component: Designator=P11(HDR2X12)
Add component. Clean all parameters for all variants
Add component (AddParameter): Name = "LatestRevisionDate"; Value = "17-Jul-2002"; VariantName = "[No Variations]"
Add component (AddParameter): Name = "LatestRevisionNote"; Value = "Re-released for DXP Platform."; VariantName = "[No Variations]"
Add component (AddParameter): Name = "Publisher"; Value = "Altium Limited"; VariantName = "[No Variations]"
Added Component: Designator=P12(HDR1X4)
Add component. Clean all parameters for all variants
Add component (AddParameter): Name = "LatestRevisionDate"; Value = "17-Jul-2002"; VariantName = "[No Variations]"
Add component (AddParameter): Name = "LatestRevisionNote"; Value = "Re-released for DXP Platform."; VariantName = "[No Variations]"
Add component (AddParameter): Name = "Publisher"; Value = "Altium Limited"; VariantName = "[No Variations]"
Add component (AddParameter): Name = "VALUE"; Value = ""; VariantName = "[No Variations]"
Added Component: Designator=P13(HDR1X4)
Add component. Clean all parameters for all variants
Add component (AddParameter): Name = "LatestRevisionDate"; Value = "17-Jul-2002"; VariantName = "[No Variations]"
Add component (AddParameter): Name = "LatestRevisionNote"; Value = "Re-released for DXP Platform."; VariantName = "[No Variations]"
Add component (AddParameter): Name = "Publisher"; Value = "Altium Limited"; VariantName = "[No Variations]"
Add component (AddParameter): Name = "VALUE"; Value = ""; VariantName = "[No Variations]"
Added Component: Designator=P14(HDR1X4)
Add component. Clean all parameters for all variants
Add component (AddParameter): Name = "LatestRevisionDate"; Value = "17-Jul-2002"; VariantName = "[No Variations]"
Add component (AddParameter): Name = "LatestRevisionNote"; Value = "Re-released for DXP Platform."; VariantName = "[No Variations]"
Add component (AddParameter): Name = "Publisher"; Value = "Altium Limited"; VariantName = "[No Variations]"
Add component (AddParameter): Name = "VALUE"; Value = ""; VariantName = "[No Variations]"
Added Component: Designator=P15(XH-2.54pin4)
Add component. Clean all parameters for all variants
Add component (AddParameter): Name = "LatestRevisionDate"; Value = "17-Jul-2002"; VariantName = "[No Variations]"
Add component (AddParameter): Name = "LatestRevisionNote"; Value = "Re-released for DXP Platform."; VariantName = "[No Variations]"
Add component (AddParameter): Name = "Publisher"; Value = "Altium Limited"; VariantName = "[No Variations]"
Add component (AddParameter): Name = "VALUE"; Value = ""; VariantName = "[No Variations]"
Added Component: Designator=P16(Green_6P)
Add component. Clean all parameters for all variants
Add component (AddParameter): Name = "LatestRevisionDate"; Value = "17-Jul-2002"; VariantName = "[No Variations]"
Add component (AddParameter): Name = "LatestRevisionNote"; Value = "Re-released for DXP Platform."; VariantName = "[No Variations]"
Add component (AddParameter): Name = "Publisher"; Value = "Altium Limited"; VariantName = "[No Variations]"
Added Component: Designator=P?(Green_6P)
Add component. Clean all parameters for all variants
Add component (AddParameter): Name = "LatestRevisionDate"; Value = "17-Jul-2002"; VariantName = "[No Variations]"
Add component (AddParameter): Name = "LatestRevisionNote"; Value = "Re-released for DXP Platform."; VariantName = "[No Variations]"
Add component (AddParameter): Name = "Publisher"; Value = "Altium Limited"; VariantName = "[No Variations]"
Added Component: Designator=R31(RES-0603)
Add component. Clean all parameters for all variants
Add component (AddParameter): Name = "LatestRevisionDate"; Value = "17-Jul-2002"; VariantName = "[No Variations]"
Add component (AddParameter): Name = "LatestRevisionNote"; Value = "Re-released for DXP Platform."; VariantName = "[No Variations]"
Add component (AddParameter): Name = "PackageReference"; Value = "AXIAL-0.3"; VariantName = "[No Variations]"
Add component (AddParameter): Name = "Published"; Value = "8-Jun-2000"; VariantName = "[No Variations]"
Add component (AddParameter): Name = "Publisher"; Value = "Altium Limited"; VariantName = "[No Variations]"
Add component (AddParameter): Name = "Value"; Value = "2K"; VariantName = "[No Variations]"
Added Component: Designator=R32(RES-0603)
Add component. Clean all parameters for all variants
Add component (AddParameter): Name = "LatestRevisionDate"; Value = "17-Jul-2002"; VariantName = "[No Variations]"
Add component (AddParameter): Name = "LatestRevisionNote"; Value = "Re-released for DXP Platform."; VariantName = "[No Variations]"
Add component (AddParameter): Name = "PackageReference"; Value = "AXIAL-0.3"; VariantName = "[No Variations]"
Add component (AddParameter): Name = "Published"; Value = "8-Jun-2000"; VariantName = "[No Variations]"
Add component (AddParameter): Name = "Publisher"; Value = "Altium Limited"; VariantName = "[No Variations]"
Add component (AddParameter): Name = "Value"; Value = "10K"; VariantName = "[No Variations]"
Added Component: Designator=R33(RES-0603)
Add component. Clean all parameters for all variants
Add component (AddParameter): Name = "LatestRevisionDate"; Value = "17-Jul-2002"; VariantName = "[No Variations]"
Add component (AddParameter): Name = "LatestRevisionNote"; Value = "Re-released for DXP Platform."; VariantName = "[No Variations]"
Add component (AddParameter): Name = "PackageReference"; Value = "AXIAL-0.3"; VariantName = "[No Variations]"
Add component (AddParameter): Name = "Published"; Value = "8-Jun-2000"; VariantName = "[No Variations]"
Add component (AddParameter): Name = "Publisher"; Value = "Altium Limited"; VariantName = "[No Variations]"
Add component (AddParameter): Name = "Value"; Value = "10K"; VariantName = "[No Variations]"
Added Component: Designator=R34(RES-0603)
Add component. Clean all parameters for all variants
Add component (AddParameter): Name = "LatestRevisionDate"; Value = "17-Jul-2002"; VariantName = "[No Variations]"
Add component (AddParameter): Name = "LatestRevisionNote"; Value = "Re-released for DXP Platform."; VariantName = "[No Variations]"
Add component (AddParameter): Name = "PackageReference"; Value = "AXIAL-0.3"; VariantName = "[No Variations]"
Add component (AddParameter): Name = "Published"; Value = "8-Jun-2000"; VariantName = "[No Variations]"
Add component (AddParameter): Name = "Publisher"; Value = "Altium Limited"; VariantName = "[No Variations]"
Add component (AddParameter): Name = "Value"; Value = "18K"; VariantName = "[No Variations]"
Added Component: Designator=R35(RES-0603)
Add component. Clean all parameters for all variants
Add component (AddParameter): Name = "LatestRevisionDate"; Value = "17-Jul-2002"; VariantName = "[No Variations]"
Add component (AddParameter): Name = "LatestRevisionNote"; Value = "Re-released for DXP Platform."; VariantName = "[No Variations]"
Add component (AddParameter): Name = "PackageReference"; Value = "AXIAL-0.3"; VariantName = "[No Variations]"
Add component (AddParameter): Name = "Published"; Value = "8-Jun-2000"; VariantName = "[No Variations]"
Add component (AddParameter): Name = "Publisher"; Value = "Altium Limited"; VariantName = "[No Variations]"
Add component (AddParameter): Name = "Value"; Value = "10K"; VariantName = "[No Variations]"
Added Component: Designator=R36(RES-0603)
Add component. Clean all parameters for all variants
Add component (AddParameter): Name = "LatestRevisionDate"; Value = "17-Jul-2002"; VariantName = "[No Variations]"
Add component (AddParameter): Name = "LatestRevisionNote"; Value = "Re-released for DXP Platform."; VariantName = "[No Variations]"
Add component (AddParameter): Name = "PackageReference"; Value = "AXIAL-0.3"; VariantName = "[No Variations]"
Add component (AddParameter): Name = "Published"; Value = "8-Jun-2000"; VariantName = "[No Variations]"
Add component (AddParameter): Name = "Publisher"; Value = "Altium Limited"; VariantName = "[No Variations]"
Add component (AddParameter): Name = "Value"; Value = "10K"; VariantName = "[No Variations]"
Added Component: Designator=R37(RES-0603)
Add component. Clean all parameters for all variants
Add component (AddParameter): Name = "LatestRevisionDate"; Value = "17-Jul-2002"; VariantName = "[No Variations]"
Add component (AddParameter): Name = "LatestRevisionNote"; Value = "Re-released for DXP Platform."; VariantName = "[No Variations]"
Add component (AddParameter): Name = "PackageReference"; Value = "AXIAL-0.3"; VariantName = "[No Variations]"
Add component (AddParameter): Name = "Published"; Value = "8-Jun-2000"; VariantName = "[No Variations]"
Add component (AddParameter): Name = "Publisher"; Value = "Altium Limited"; VariantName = "[No Variations]"
Add component (AddParameter): Name = "Value"; Value = "10K"; VariantName = "[No Variations]"
Added Component: Designator=R38(RES-0603)
Add component. Clean all parameters for all variants
Add component (AddParameter): Name = "LatestRevisionDate"; Value = "17-Jul-2002"; VariantName = "[No Variations]"
Add component (AddParameter): Name = "LatestRevisionNote"; Value = "Re-released for DXP Platform."; VariantName = "[No Variations]"
Add component (AddParameter): Name = "PackageReference"; Value = "AXIAL-0.3"; VariantName = "[No Variations]"
Add component (AddParameter): Name = "Published"; Value = "8-Jun-2000"; VariantName = "[No Variations]"
Add component (AddParameter): Name = "Publisher"; Value = "Altium Limited"; VariantName = "[No Variations]"
Add component (AddParameter): Name = "Value"; Value = "10K"; VariantName = "[No Variations]"
Added Component: Designator=R39(RES-0603)
Add component. Clean all parameters for all variants
Add component (AddParameter): Name = "LatestRevisionDate"; Value = "17-Jul-2002"; VariantName = "[No Variations]"
Add component (AddParameter): Name = "LatestRevisionNote"; Value = "Re-released for DXP Platform."; VariantName = "[No Variations]"
Add component (AddParameter): Name = "PackageReference"; Value = "AXIAL-0.3"; VariantName = "[No Variations]"
Add component (AddParameter): Name = "Published"; Value = "8-Jun-2000"; VariantName = "[No Variations]"
Add component (AddParameter): Name = "Publisher"; Value = "Altium Limited"; VariantName = "[No Variations]"
Add component (AddParameter): Name = "Value"; Value = "180"; VariantName = "[No Variations]"
Added Component: Designator=R40(RES-0603)
Add component. Clean all parameters for all variants
Add component (AddParameter): Name = "LatestRevisionDate"; Value = "17-Jul-2002"; VariantName = "[No Variations]"
Add component (AddParameter): Name = "LatestRevisionNote"; Value = "Re-released for DXP Platform."; VariantName = "[No Variations]"
Add component (AddParameter): Name = "PackageReference"; Value = "AXIAL-0.3"; VariantName = "[No Variations]"
Add component (AddParameter): Name = "Published"; Value = "8-Jun-2000"; VariantName = "[No Variations]"
Add component (AddParameter): Name = "Publisher"; Value = "Altium Limited"; VariantName = "[No Variations]"
Add component (AddParameter): Name = "Value"; Value = "0.22"; VariantName = "[No Variations]"
Added Component: Designator=R41(RES-0603)
Add component. Clean all parameters for all variants
Add component (AddParameter): Name = "LatestRevisionDate"; Value = "17-Jul-2002"; VariantName = "[No Variations]"
Add component (AddParameter): Name = "LatestRevisionNote"; Value = "Re-released for DXP Platform."; VariantName = "[No Variations]"
Add component (AddParameter): Name = "PackageReference"; Value = "AXIAL-0.3"; VariantName = "[No Variations]"
Add component (AddParameter): Name = "Published"; Value = "8-Jun-2000"; VariantName = "[No Variations]"
Add component (AddParameter): Name = "Publisher"; Value = "Altium Limited"; VariantName = "[No Variations]"
Add component (AddParameter): Name = "Value"; Value = "19K"; VariantName = "[No Variations]"
Added Component: Designator=R42(RES-0603)
Add component. Clean all parameters for all variants
Add component (AddParameter): Name = "LatestRevisionDate"; Value = "17-Jul-2002"; VariantName = "[No Variations]"
Add component (AddParameter): Name = "LatestRevisionNote"; Value = "Re-released for DXP Platform."; VariantName = "[No Variations]"
Add component (AddParameter): Name = "PackageReference"; Value = "AXIAL-0.3"; VariantName = "[No Variations]"
Add component (AddParameter): Name = "Published"; Value = "8-Jun-2000"; VariantName = "[No Variations]"
Add component (AddParameter): Name = "Publisher"; Value = "Altium Limited"; VariantName = "[No Variations]"
Add component (AddParameter): Name = "Value"; Value = "10K"; VariantName = "[No Variations]"
Added Component: Designator=R43(RES-0603)
Add component. Clean all parameters for all variants
Add component (AddParameter): Name = "LatestRevisionDate"; Value = "17-Jul-2002"; VariantName = "[No Variations]"
Add component (AddParameter): Name = "LatestRevisionNote"; Value = "Re-released for DXP Platform."; VariantName = "[No Variations]"
Add component (AddParameter): Name = "PackageReference"; Value = "AXIAL-0.3"; VariantName = "[No Variations]"
Add component (AddParameter): Name = "Published"; Value = "8-Jun-2000"; VariantName = "[No Variations]"
Add component (AddParameter): Name = "Publisher"; Value = "Altium Limited"; VariantName = "[No Variations]"
Add component (AddParameter): Name = "Value"; Value = "10K"; VariantName = "[No Variations]"
Added Component: Designator=R44(RES-0603)
Add component. Clean all parameters for all variants
Add component (AddParameter): Name = "LatestRevisionDate"; Value = "17-Jul-2002"; VariantName = "[No Variations]"
Add component (AddParameter): Name = "LatestRevisionNote"; Value = "Re-released for DXP Platform."; VariantName = "[No Variations]"
Add component (AddParameter): Name = "PackageReference"; Value = "AXIAL-0.3"; VariantName = "[No Variations]"
Add component (AddParameter): Name = "Published"; Value = "8-Jun-2000"; VariantName = "[No Variations]"
Add component (AddParameter): Name = "Publisher"; Value = "Altium Limited"; VariantName = "[No Variations]"
Add component (AddParameter): Name = "Value"; Value = "2.2K"; VariantName = "[No Variations]"
Added Component: Designator=R45(RES-0603)
Add component. Clean all parameters for all variants
Add component (AddParameter): Name = "LatestRevisionDate"; Value = "17-Jul-2002"; VariantName = "[No Variations]"
Add component (AddParameter): Name = "LatestRevisionNote"; Value = "Re-released for DXP Platform."; VariantName = "[No Variations]"
Add component (AddParameter): Name = "PackageReference"; Value = "AXIAL-0.3"; VariantName = "[No Variations]"
Add component (AddParameter): Name = "Published"; Value = "8-Jun-2000"; VariantName = "[No Variations]"
Add component (AddParameter): Name = "Publisher"; Value = "Altium Limited"; VariantName = "[No Variations]"
Add component (AddParameter): Name = "Value"; Value = "10K"; VariantName = "[No Variations]"
Added Component: Designator=R46(RES-0603)
Add component. Clean all parameters for all variants
Add component (AddParameter): Name = "LatestRevisionDate"; Value = "17-Jul-2002"; VariantName = "[No Variations]"
Add component (AddParameter): Name = "LatestRevisionNote"; Value = "Re-released for DXP Platform."; VariantName = "[No Variations]"
Add component (AddParameter): Name = "PackageReference"; Value = "AXIAL-0.3"; VariantName = "[No Variations]"
Add component (AddParameter): Name = "Published"; Value = "8-Jun-2000"; VariantName = "[No Variations]"
Add component (AddParameter): Name = "Publisher"; Value = "Altium Limited"; VariantName = "[No Variations]"
Add component (AddParameter): Name = "Value"; Value = "3.3K"; VariantName = "[No Variations]"
Added Component: Designator=R47(RES-0603)
Add component. Clean all parameters for all variants
Add component (AddParameter): Name = "LatestRevisionDate"; Value = "17-Jul-2002"; VariantName = "[No Variations]"
Add component (AddParameter): Name = "LatestRevisionNote"; Value = "Re-released for DXP Platform."; VariantName = "[No Variations]"
Add component (AddParameter): Name = "PackageReference"; Value = "AXIAL-0.3"; VariantName = "[No Variations]"
Add component (AddParameter): Name = "Published"; Value = "8-Jun-2000"; VariantName = "[No Variations]"
Add component (AddParameter): Name = "Publisher"; Value = "Altium Limited"; VariantName = "[No Variations]"
Add component (AddParameter): Name = "Value"; Value = "10K"; VariantName = "[No Variations]"
Added Component: Designator=R48(RES-0603)
Add component. Clean all parameters for all variants
Add component (AddParameter): Name = "LatestRevisionDate"; Value = "17-Jul-2002"; VariantName = "[No Variations]"
Add component (AddParameter): Name = "LatestRevisionNote"; Value = "Re-released for DXP Platform."; VariantName = "[No Variations]"
Add component (AddParameter): Name = "PackageDescription"; Value = "Axial Device, Thru-Hole; 2 Leads; 0.3 in Pin Spacing"; VariantName = "[No Variations]"
Add component (AddParameter): Name = "PackageReference"; Value = "AXIAL-0.3"; VariantName = "[No Variations]"
Add component (AddParameter): Name = "Published"; Value = "8-Jun-2000"; VariantName = "[No Variations]"
Add component (AddParameter): Name = "Publisher"; Value = "Altium Limited"; VariantName = "[No Variations]"
Add component (AddParameter): Name = "Value"; Value = "*k次"; VariantName = "[No Variations]"
Added Component: Designator=R49(RES-0603)
Add component. Clean all parameters for all variants
Add component (AddParameter): Name = "LatestRevisionDate"; Value = "17-Jul-2002"; VariantName = "[No Variations]"
Add component (AddParameter): Name = "LatestRevisionNote"; Value = "Re-released for DXP Platform."; VariantName = "[No Variations]"
Add component (AddParameter): Name = "PackageDescription"; Value = "Axial Device, Thru-Hole; 2 Leads; 0.3 in Pin Spacing"; VariantName = "[No Variations]"
Add component (AddParameter): Name = "PackageReference"; Value = "AXIAL-0.3"; VariantName = "[No Variations]"
Add component (AddParameter): Name = "Published"; Value = "8-Jun-2000"; VariantName = "[No Variations]"
Add component (AddParameter): Name = "Publisher"; Value = "Altium Limited"; VariantName = "[No Variations]"
Add component (AddParameter): Name = "Value"; Value = "*k次"; VariantName = "[No Variations]"
Added Component: Designator=R50(RES-0603)
Add component. Clean all parameters for all variants
Add component (AddParameter): Name = "LatestRevisionDate"; Value = "17-Jul-2002"; VariantName = "[No Variations]"
Add component (AddParameter): Name = "LatestRevisionNote"; Value = "Re-released for DXP Platform."; VariantName = "[No Variations]"
Add component (AddParameter): Name = "PackageDescription"; Value = "Axial Device, Thru-Hole; 2 Leads; 0.3 in Pin Spacing"; VariantName = "[No Variations]"
Add component (AddParameter): Name = "PackageReference"; Value = "AXIAL-0.3"; VariantName = "[No Variations]"
Add component (AddParameter): Name = "Published"; Value = "8-Jun-2000"; VariantName = "[No Variations]"
Add component (AddParameter): Name = "Publisher"; Value = "Altium Limited"; VariantName = "[No Variations]"
Add component (AddParameter): Name = "Value"; Value = "*k次"; VariantName = "[No Variations]"
Added Component: Designator=R51(RES-0603)
Add component. Clean all parameters for all variants
Add component (AddParameter): Name = "LatestRevisionDate"; Value = "17-Jul-2002"; VariantName = "[No Variations]"
Add component (AddParameter): Name = "LatestRevisionNote"; Value = "Re-released for DXP Platform."; VariantName = "[No Variations]"
Add component (AddParameter): Name = "PackageDescription"; Value = "Axial Device, Thru-Hole; 2 Leads; 0.3 in Pin Spacing"; VariantName = "[No Variations]"
Add component (AddParameter): Name = "PackageReference"; Value = "AXIAL-0.3"; VariantName = "[No Variations]"
Add component (AddParameter): Name = "Published"; Value = "8-Jun-2000"; VariantName = "[No Variations]"
Add component (AddParameter): Name = "Publisher"; Value = "Altium Limited"; VariantName = "[No Variations]"
Add component (AddParameter): Name = "Value"; Value = "*k次"; VariantName = "[No Variations]"
Added Component: Designator=R52(RES-0603)
Add component. Clean all parameters for all variants
Add component (AddParameter): Name = "LatestRevisionDate"; Value = "17-Jul-2002"; VariantName = "[No Variations]"
Add component (AddParameter): Name = "LatestRevisionNote"; Value = "Re-released for DXP Platform."; VariantName = "[No Variations]"
Add component (AddParameter): Name = "PackageDescription"; Value = "Axial Device, Thru-Hole; 2 Leads; 0.3 in Pin Spacing"; VariantName = "[No Variations]"
Add component (AddParameter): Name = "PackageReference"; Value = "AXIAL-0.3"; VariantName = "[No Variations]"
Add component (AddParameter): Name = "Published"; Value = "8-Jun-2000"; VariantName = "[No Variations]"
Add component (AddParameter): Name = "Publisher"; Value = "Altium Limited"; VariantName = "[No Variations]"
Add component (AddParameter): Name = "Value"; Value = "*k次"; VariantName = "[No Variations]"
Added Component: Designator=TPS2(TPS5430)
Add component. Clean all parameters for all variants
Added Pin To Net: NetName=3.3V Pin=*1-32
Added Pin To Net: NetName=3.3V Pin=8-1
Added Pin To Net: NetName=3.3V Pin=8-2
Added Pin To Net: NetName=3.3V Pin=8-3
Added Pin To Net: NetName=3.3V Pin=8-4
Added Pin To Net: NetName=3.3V Pin=P10-1
Added Pin To Net: NetName=3.3V Pin=P12-1
Added Net: Name=3.3V
Added Pin To Net: NetName=3V3 Pin=R48-1
Added Pin To Net: NetName=3V3 Pin=R49-1
Added Net: Name=3V3
Added Pin To Net: NetName=5V Pin=*1-30
Added Pin To Net: NetName=5V Pin=7-1
Added Pin To Net: NetName=5V Pin=7-2
Added Pin To Net: NetName=5V Pin=7-3
Added Pin To Net: NetName=5V Pin=7-4
Added Pin To Net: NetName=5V Pin=C52-1
Added Pin To Net: NetName=5V Pin=C54-2
Added Pin To Net: NetName=5V Pin=C55-2
Added Pin To Net: NetName=5V Pin=C56-1
Added Pin To Net: NetName=5V Pin=C58-1
Added Pin To Net: NetName=5V Pin=L6-2
Added Pin To Net: NetName=5V Pin=M5-16
Added Pin To Net: NetName=5V Pin=M6-8
Added Pin To Net: NetName=5V Pin=P13-1
Added Pin To Net: NetName=5V Pin=P14-1
Added Pin To Net: NetName=5V Pin=R45-2
Added Pin To Net: NetName=5V Pin=R51-2
Added Net: Name=5V
Added Pin To Net: NetName=12V Pin=C43-1
Added Pin To Net: NetName=12V Pin=C46-1
Added Pin To Net: NetName=12V Pin=L4-2
Added Pin To Net: NetName=12V Pin=R34-1
Added Net: Name=12V
Added Pin To Net: NetName=24V Pin=C47-1
Added Pin To Net: NetName=24V Pin=C48-2
Added Pin To Net: NetName=24V Pin=D5-K
Added Pin To Net: NetName=24V Pin=P15-1
Added Pin To Net: NetName=24V Pin=R41-1
Added Net: Name=24V
Added Pin To Net: NetName=ADC1_1 Pin=ADC2-1
Added Pin To Net: NetName=ADC1_1 Pin=R32-2
Added Net: Name=ADC1_1
Added Pin To Net: NetName=ADC1_2 Pin=ADC2-2
Added Pin To Net: NetName=ADC1_2 Pin=R38-2
Added Net: Name=ADC1_2
Added Pin To Net: NetName=ADC2 Pin=ADC2-3
Added Pin To Net: NetName=ADC2 Pin=R33-2
Added Net: Name=ADC2
Added Pin To Net: NetName=ADC3 Pin=ADC2-4
Added Pin To Net: NetName=ADC3 Pin=R37-2
Added Net: Name=ADC3
Added Pin To Net: NetName=CANH Pin=*1-119
Added Pin To Net: NetName=CANH Pin=P15-3
Added Pin To Net: NetName=CANH Pin=P16-1
Added Pin To Net: NetName=CANH Pin=P16-3
Added Pin To Net: NetName=CANH Pin=P16-5
Added Net: Name=CANH
Added Pin To Net: NetName=CANL Pin=*1-120
Added Pin To Net: NetName=CANL Pin=P15-4
Added Pin To Net: NetName=CANL Pin=P16-2
Added Pin To Net: NetName=CANL Pin=P16-4
Added Pin To Net: NetName=CANL Pin=P16-6
Added Net: Name=CANL
Added Pin To Net: NetName=GND Pin=*1-29
Added Pin To Net: NetName=GND Pin=10-1
Added Pin To Net: NetName=GND Pin=10-2
Added Pin To Net: NetName=GND Pin=10-3
Added Pin To Net: NetName=GND Pin=10-4
Added Pin To Net: NetName=GND Pin=P10-6
Added Pin To Net: NetName=GND Pin=P12-4
Added Pin To Net: NetName=GND Pin=P13-2
Added Pin To Net: NetName=GND Pin=P14-2
Added Pin To Net: NetName=GND Pin=R35-1
Added Pin To Net: NetName=GND Pin=R36-1
Added Pin To Net: NetName=GND Pin=R42-1
Added Pin To Net: NetName=GND Pin=R43-1
Added Net: Name=GND
Added Pin To Net: NetName=MAX485_A Pin=M6-6
Added Pin To Net: NetName=MAX485_A Pin=M8-2
Added Pin To Net: NetName=MAX485_A Pin=M_2-2
Added Pin To Net: NetName=MAX485_A Pin=R51-1
Added Net: Name=MAX485_A
Added Pin To Net: NetName=MAX485_B Pin=M6-7
Added Pin To Net: NetName=MAX485_B Pin=M8-1
Added Pin To Net: NetName=MAX485_B Pin=R50-2
Added Pin To Net: NetName=MAX485_B Pin=R52-2
Added Net: Name=MAX485_B
Added Pin To Net: NetName=Net6_A Pin=6-A
Added Pin To Net: NetName=Net6_A Pin=R47-1
Added Net: Name=Net6_A
Added Pin To Net: NetName=NetC43_2 Pin=C43-2
Added Pin To Net: NetName=NetC43_2 Pin=LM2-4
Added Pin To Net: NetName=NetC43_2 Pin=R31-2
Added Pin To Net: NetName=NetC43_2 Pin=R34-2
Added Net: Name=NetC43_2
Added Pin To Net: NetName=NetC50_2 Pin=C50-2
Added Pin To Net: NetName=NetC50_2 Pin=MC2-3
Added Net: Name=NetC50_2
Added Pin To Net: NetName=NetC51_1 Pin=C51-1
Added Pin To Net: NetName=NetC51_1 Pin=TPS2-1
Added Net: Name=NetC51_1
Added Pin To Net: NetName=NetC51_2 Pin=C51-2
Added Pin To Net: NetName=NetC51_2 Pin=D6-K
Added Pin To Net: NetName=NetC51_2 Pin=L6-1
Added Pin To Net: NetName=NetC51_2 Pin=TPS2-8
Added Net: Name=NetC51_2
Added Pin To Net: NetName=NetC55_1 Pin=C55-1
Added Pin To Net: NetName=NetC55_1 Pin=M5-2
Added Net: Name=NetC55_1
Added Pin To Net: NetName=NetC57_1 Pin=C57-1
Added Pin To Net: NetName=NetC57_1 Pin=M5-3
Added Net: Name=NetC57_1
Added Pin To Net: NetName=NetC57_2 Pin=C57-2
Added Pin To Net: NetName=NetC57_2 Pin=M5-1
Added Net: Name=NetC57_2
Added Pin To Net: NetName=NetC59_1 Pin=C59-1
Added Pin To Net: NetName=NetC59_1 Pin=M5-5
Added Net: Name=NetC59_1
Added Pin To Net: NetName=NetC59_2 Pin=C59-2
Added Pin To Net: NetName=NetC59_2 Pin=M5-4
Added Net: Name=NetC59_2
Added Pin To Net: NetName=NetC60_2 Pin=C60-2
Added Pin To Net: NetName=NetC60_2 Pin=M5-6
Added Net: Name=NetC60_2
Added Pin To Net: NetName=NetD4_K Pin=D4-K
Added Pin To Net: NetName=NetD4_K Pin=L4-1
Added Pin To Net: NetName=NetD4_K Pin=LM2-2
Added Net: Name=NetD4_K
Added Pin To Net: NetName=NetD5_A Pin=D5-A
Added Pin To Net: NetName=NetD5_A Pin=L5-1
Added Pin To Net: NetName=NetD5_A Pin=MC2-1
Added Net: Name=NetD5_A
Added Pin To Net: NetName=NetL5_2 Pin=L5-2
Added Pin To Net: NetName=NetL5_2 Pin=MC2-7
Added Pin To Net: NetName=NetL5_2 Pin=R39-1
Added Pin To Net: NetName=NetL5_2 Pin=R40-2
Added Net: Name=NetL5_2
Added Pin To Net: NetName=NetM_2_1 Pin=M_2-1
Added Pin To Net: NetName=NetM_2_1 Pin=R52-1
Added Net: Name=NetM_2_1
Added Pin To Net: NetName=NetMC2_5 Pin=MC2-5
Added Pin To Net: NetName=NetMC2_5 Pin=R41-2
Added Pin To Net: NetName=NetMC2_5 Pin=R44-1
Added Net: Name=NetMC2_5
Added Pin To Net: NetName=NetMC2_8 Pin=MC2-8
Added Pin To Net: NetName=NetMC2_8 Pin=R39-2
Added Net: Name=NetMC2_8
Added Pin To Net: NetName=NetR45_1 Pin=R45-1
Added Pin To Net: NetName=NetR45_1 Pin=R46-2
Added Pin To Net: NetName=NetR45_1 Pin=TPS2-4
Added Net: Name=NetR45_1
Added Pin To Net: NetName=PA0 Pin=*1-25
Added Pin To Net: NetName=PA0 Pin=R32-1
Added Pin To Net: NetName=PA0 Pin=R35-2
Added Net: Name=PA0
Added Pin To Net: NetName=PA1 Pin=*1-26
Added Pin To Net: NetName=PA1 Pin=R37-1
Added Pin To Net: NetName=PA1 Pin=R42-2
Added Net: Name=PA1
Added Pin To Net: NetName=PA8 Pin=P9-3
Added Net: Name=PA8
Added Pin To Net: NetName=PA11 Pin=P9-1
Added Net: Name=PA11
Added Pin To Net: NetName=PA12 Pin=P9-2
Added Net: Name=PA12
Added Pin To Net: NetName=PA15 Pin=P11-23
Added Net: Name=PA15
Added Pin To Net: NetName=PB0 Pin=P8-19
Added Pin To Net: NetName=PB0 Pin=P11-8
Added Net: Name=PB0
Added Pin To Net: NetName=PB1 Pin=*1-40
Added Pin To Net: NetName=PB1 Pin=R33-1
Added Pin To Net: NetName=PB1 Pin=R36-2
Added Net: Name=PB1
Added Pin To Net: NetName=PB3 Pin=P11-7
Added Net: Name=PB3
Added Pin To Net: NetName=PB4 Pin=P11-6
Added Net: Name=PB4
Added Pin To Net: NetName=PB5 Pin=P11-5
Added Net: Name=PB5
Added Pin To Net: NetName=PB8 Pin=P11-4
Added Net: Name=PB8
Added Pin To Net: NetName=PB9 Pin=P11-3
Added Net: Name=PB9
Added Pin To Net: NetName=PB10 Pin=P8-2
Added Net: Name=PB10
Added Pin To Net: NetName=PB11 Pin=P8-1
Added Net: Name=PB11
Added Pin To Net: NetName=PB12 Pin=P9-22
Added Net: Name=PB12
Added Pin To Net: NetName=PB13 Pin=P9-21
Added Net: Name=PB13
Added Pin To Net: NetName=PB14 Pin=P9-20
Added Net: Name=PB14
Added Pin To Net: NetName=PB15 Pin=P9-19
Added Net: Name=PB15
Added Pin To Net: NetName=PC0 Pin=P7-4
Added Net: Name=PC0
Added Pin To Net: NetName=PC1 Pin=P7-3
Added Net: Name=PC1
Added Pin To Net: NetName=PC2 Pin=P7-2
Added Net: Name=PC2
Added Pin To Net: NetName=PC3 Pin=P7-1
Added Net: Name=PC3
Added Pin To Net: NetName=PC4 Pin=P8-20
Added Net: Name=PC4
Added Pin To Net: NetName=PC5 Pin=*1-38
Added Pin To Net: NetName=PC5 Pin=R38-1
Added Pin To Net: NetName=PC5 Pin=R43-2
Added Net: Name=PC5
Added Pin To Net: NetName=PC8 Pin=P9-5
Added Net: Name=PC8
Added Pin To Net: NetName=PC9 Pin=P9-4
Added Net: Name=PC9
Added Pin To Net: NetName=PC10 Pin=P11-22
Added Net: Name=PC10
Added Pin To Net: NetName=PC11 Pin=P11-21
Added Net: Name=PC11
Added Pin To Net: NetName=PC12 Pin=P11-20
Added Net: Name=PC12
Added Pin To Net: NetName=PC13 Pin=P7-18
Added Net: Name=PC13
Added Pin To Net: NetName=PC14 Pin=P7-17
Added Net: Name=PC14
Added Pin To Net: NetName=PC15 Pin=P7-16
Added Net: Name=PC15
Added Pin To Net: NetName=PD2 Pin=P11-19
Added Net: Name=PD2
Added Pin To Net: NetName=PD3 Pin=P11-18
Added Net: Name=PD3
Added Pin To Net: NetName=PD4 Pin=P11-17
Added Net: Name=PD4
Added Pin To Net: NetName=PD7 Pin=P11-16
Added Net: Name=PD7
Added Pin To Net: NetName=PD8 Pin=P9-18
Added Net: Name=PD8
Added Pin To Net: NetName=PD10 Pin=P9-17
Added Net: Name=PD10
Added Pin To Net: NetName=PD12 Pin=P9-16
Added Net: Name=PD12
Added Pin To Net: NetName=PD13 Pin=P9-15
Added Net: Name=PD13
Added Pin To Net: NetName=PD14 Pin=P9-14
Added Net: Name=PD14
Added Pin To Net: NetName=PD15 Pin=P9-13
Added Net: Name=PD15
Added Pin To Net: NetName=PE0 Pin=P11-2
Added Net: Name=PE0
Added Pin To Net: NetName=PE1 Pin=P11-1
Added Net: Name=PE1
Added Pin To Net: NetName=PE2 Pin=P7-23
Added Net: Name=PE2
Added Pin To Net: NetName=PE3 Pin=P7-22
Added Net: Name=PE3
Added Pin To Net: NetName=PE4 Pin=P7-21
Added Net: Name=PE4
Added Pin To Net: NetName=PE5 Pin=P7-20
Added Net: Name=PE5
Added Pin To Net: NetName=PE6 Pin=P7-19
Added Net: Name=PE6
Added Pin To Net: NetName=PE7 Pin=P8-11
Added Net: Name=PE7
Added Pin To Net: NetName=PE8 Pin=P8-10
Added Net: Name=PE8
Added Pin To Net: NetName=PE9 Pin=P8-9
Added Net: Name=PE9
Added Pin To Net: NetName=PE10 Pin=P8-8
Added Net: Name=PE10
Added Pin To Net: NetName=PE11 Pin=P8-7
Added Net: Name=PE11
Added Pin To Net: NetName=PE12 Pin=P8-6
Added Net: Name=PE12
Added Pin To Net: NetName=PE13 Pin=P8-5
Added Net: Name=PE13
Added Pin To Net: NetName=PE14 Pin=P8-4
Added Net: Name=PE14
Added Pin To Net: NetName=PE15 Pin=P8-3
Added Net: Name=PE15
Added Pin To Net: NetName=PF0 Pin=P7-15
Added Net: Name=PF0
Added Pin To Net: NetName=PF1 Pin=P7-14
Added Net: Name=PF1
Added Pin To Net: NetName=PF2 Pin=P7-13
Added Net: Name=PF2
Added Pin To Net: NetName=PF3 Pin=P7-12
Added Net: Name=PF3
Added Pin To Net: NetName=PF4 Pin=P7-11
Added Net: Name=PF4
Added Pin To Net: NetName=PF5 Pin=P7-10
Added Net: Name=PF5
Added Pin To Net: NetName=PF6 Pin=P7-9
Added Net: Name=PF6
Added Pin To Net: NetName=PF7 Pin=P7-8
Added Net: Name=PF7
Added Pin To Net: NetName=PF8 Pin=P7-7
Added Net: Name=PF8
Added Pin To Net: NetName=PF9 Pin=P7-6
Added Net: Name=PF9
Added Pin To Net: NetName=PF10 Pin=P7-5
Added Net: Name=PF10
Added Pin To Net: NetName=PF11 Pin=P8-18
Added Net: Name=PF11
Added Pin To Net: NetName=PF12 Pin=P8-17
Added Net: Name=PF12
Added Pin To Net: NetName=PF13 Pin=P8-16
Added Net: Name=PF13
Added Pin To Net: NetName=PF14 Pin=P8-15
Added Net: Name=PF14
Added Pin To Net: NetName=PF15 Pin=P8-14
Added Net: Name=PF15
Added Pin To Net: NetName=PG0 Pin=P8-13
Added Net: Name=PG0
Added Pin To Net: NetName=PG1 Pin=P8-12
Added Net: Name=PG1
Added Pin To Net: NetName=PG2 Pin=P9-12
Added Net: Name=PG2
Added Pin To Net: NetName=PG3 Pin=P9-11
Added Net: Name=PG3
Added Pin To Net: NetName=PG4 Pin=P9-10
Added Net: Name=PG4
Added Pin To Net: NetName=PG5 Pin=P9-9
Added Net: Name=PG5
Added Pin To Net: NetName=PG6 Pin=P9-8
Added Net: Name=PG6
Added Pin To Net: NetName=PG7 Pin=P9-7
Added Net: Name=PG7
Added Pin To Net: NetName=PG8 Pin=P9-6
Added Net: Name=PG8
Added Pin To Net: NetName=PG9 Pin=P11-15
Added Net: Name=PG9
Added Pin To Net: NetName=PG10 Pin=P11-14
Added Net: Name=PG10
Added Pin To Net: NetName=PG11 Pin=P11-13
Added Net: Name=PG11
Added Pin To Net: NetName=PG12 Pin=P11-12
Added Net: Name=PG12
Added Pin To Net: NetName=PG13 Pin=P11-11
Added Net: Name=PG13
Added Pin To Net: NetName=PG14 Pin=P11-10
Added Net: Name=PG14
Added Pin To Net: NetName=PG15 Pin=P11-9
Added Net: Name=PG15
Added Pin To Net: NetName=PGND Pin=6-K
Added Pin To Net: NetName=PGND Pin=C44-1
Added Pin To Net: NetName=PGND Pin=C45-1
Added Pin To Net: NetName=PGND Pin=C46-2
Added Pin To Net: NetName=PGND Pin=C47-2
Added Pin To Net: NetName=PGND Pin=C48-1
Added Pin To Net: NetName=PGND Pin=C49-1
Added Pin To Net: NetName=PGND Pin=C50-1
Added Pin To Net: NetName=PGND Pin=C52-2
Added Pin To Net: NetName=PGND Pin=C53-1
Added Pin To Net: NetName=PGND Pin=C54-1
Added Pin To Net: NetName=PGND Pin=C56-2
Added Pin To Net: NetName=PGND Pin=C58-2
Added Pin To Net: NetName=PGND Pin=C60-1
Added Pin To Net: NetName=PGND Pin=D4-A
Added Pin To Net: NetName=PGND Pin=D6-A
Added Pin To Net: NetName=PGND Pin=LM2-3
Added Pin To Net: NetName=PGND Pin=LM2-3
Added Pin To Net: NetName=PGND Pin=LM2-5
Added Pin To Net: NetName=PGND Pin=M5-15
Added Pin To Net: NetName=PGND Pin=M6-2
Added Pin To Net: NetName=PGND Pin=M6-3
Added Pin To Net: NetName=PGND Pin=M6-5
Added Pin To Net: NetName=PGND Pin=M7-3
Added Pin To Net: NetName=PGND Pin=MC2-2
Added Pin To Net: NetName=PGND Pin=MC2-4
Added Pin To Net: NetName=PGND Pin=P15-2
Added Pin To Net: NetName=PGND Pin=P?-2
Added Pin To Net: NetName=PGND Pin=P?-4
Added Pin To Net: NetName=PGND Pin=P?-6
Added Pin To Net: NetName=PGND Pin=R31-1
Added Pin To Net: NetName=PGND Pin=R44-2
Added Pin To Net: NetName=PGND Pin=R46-1
Added Pin To Net: NetName=PGND Pin=R50-1
Added Pin To Net: NetName=PGND Pin=TPS2-6
Added Pin To Net: NetName=PGND Pin=TPS2-9
Added Net: Name=PGND
Added Pin To Net: NetName=RS232_RX Pin=M5-13
Added Pin To Net: NetName=RS232_RX Pin=M7-1
Added Net: Name=RS232_RX
Added Pin To Net: NetName=RS232_TX Pin=M5-14
Added Pin To Net: NetName=RS232_TX Pin=M7-2
Added Net: Name=RS232_TX
Added Pin To Net: NetName=SCL Pin=*1-95
Added Pin To Net: NetName=SCL Pin=P12-2
Added Pin To Net: NetName=SCL Pin=R48-2
Added Net: Name=SCL
Added Pin To Net: NetName=SDA Pin=*1-94
Added Pin To Net: NetName=SDA Pin=P12-3
Added Pin To Net: NetName=SDA Pin=R49-2
Added Net: Name=SDA
Added Pin To Net: NetName=SPI_MISO Pin=*1-33
Added Pin To Net: NetName=SPI_MISO Pin=P10-2
Added Net: Name=SPI_MISO
Added Pin To Net: NetName=SPI_MOSI Pin=*1-36
Added Pin To Net: NetName=SPI_MOSI Pin=P10-3
Added Net: Name=SPI_MOSI
Added Pin To Net: NetName=SPI_NSS Pin=*1-31
Added Pin To Net: NetName=SPI_NSS Pin=P10-5
Added Net: Name=SPI_NSS
Added Pin To Net: NetName=SPI_SCK Pin=*1-34
Added Pin To Net: NetName=SPI_SCK Pin=P10-4
Added Net: Name=SPI_SCK
Added Pin To Net: NetName=USART1_RX Pin=*1-62
Added Net: Name=USART1_RX
Added Pin To Net: NetName=USART1_TX Pin=*1-63
Added Net: Name=USART1_TX
Added Pin To Net: NetName=USART2_RX Pin=*1-28
Added Pin To Net: NetName=USART2_RX Pin=P14-3
Added Net: Name=USART2_RX
Added Pin To Net: NetName=USART2_TX Pin=*1-27
Added Pin To Net: NetName=USART2_TX Pin=P14-4
Added Net: Name=USART2_TX
Added Pin To Net: NetName=USART3_RX Pin=*1-108
Added Pin To Net: NetName=USART3_RX Pin=M5-12
Added Net: Name=USART3_RX
Added Pin To Net: NetName=USART3_TX Pin=*1-107
Added Pin To Net: NetName=USART3_TX Pin=M5-11
Added Net: Name=USART3_TX
Added Pin To Net: NetName=USART4_RX Pin=*1-116
Added Pin To Net: NetName=USART4_RX Pin=M6-1
Added Net: Name=USART4_RX
Added Pin To Net: NetName=USART4_TX Pin=*1-115
Added Pin To Net: NetName=USART4_TX Pin=M6-4
Added Net: Name=USART4_TX
Added Pin To Net: NetName=USART5_RX Pin=*1-67
Added Pin To Net: NetName=USART5_RX Pin=P13-3
Added Net: Name=USART5_RX
Added Pin To Net: NetName=USART5_TX Pin=*1-68
Added Pin To Net: NetName=USART5_TX Pin=P13-4
Added Net: Name=USART5_TX
Added Pin To Net: NetName=VIN Pin=C44-2
Added Pin To Net: NetName=VIN Pin=C45-2
Added Pin To Net: NetName=VIN Pin=C49-2
Added Pin To Net: NetName=VIN Pin=C53-2
Added Pin To Net: NetName=VIN Pin=LM2-1
Added Pin To Net: NetName=VIN Pin=MC2-6
Added Pin To Net: NetName=VIN Pin=P?-1
Added Pin To Net: NetName=VIN Pin=P?-3
Added Pin To Net: NetName=VIN Pin=P?-5
Added Pin To Net: NetName=VIN Pin=R40-1
Added Pin To Net: NetName=VIN Pin=R47-2
Added Pin To Net: NetName=VIN Pin=TPS2-7
Added Net: Name=VIN
Added Class: Name=2019翋諷啣v1.1
Added Room: Name=2019翋諷啣v1.1
