Change Component Designator: Old Designator=3V3 New Designator=2
Change Component Designator: Old Designator=5V New Designator=1
Change Component Designator: Old Designator=ADC New Designator=ADC1
Change Component Designator: Old Designator=ALL New Designator=ALL1
Change Component Designator: Old Designator=C47 New Designator=C1
Change Component Designator: Old Designator=C48 New Designator=C2
Change Component Designator: Old Designator=C49 New Designator=C3
Change Component Designator: Old Designator=C50 New Designator=C4
Change Component Designator: Old Designator=C51 New Designator=C5
Change Component Designator: Old Designator=C52 New Designator=C6
Change Component Designator: Old Designator=C53 New Designator=C7
Change Component Designator: Old Designator=C54 New Designator=C8
Change Component Designator: Old Designator=C55 New Designator=C9
Change Component Designator: Old Designator=C56 New Designator=C10
Change Component Designator: Old Designator=C57 New Designator=C11
Change Component Designator: Old Designator=C58 New Designator=C12
Change Component Designator: Old Designator=C59 New Designator=C13
Change Component Designator: Old Designator=C60 New Designator=C14
Change Component Designator: Old Designator=CAN New Designator=CAN1
Change Component Designator: Old Designator=CAN_120 New Designator=CAN_1
Change Component Designator: Old Designator=D5 New Designator=D1
Change Component Designator: Old Designator=D6 New Designator=D2
Change Component Designator: Old Designator=GND New Designator=GND1
Change Component Designator: Old Designator=I2C New Designator=I1
Change Component Designator: Old Designator=L5 New Designator=L1
Change Component Designator: Old Designator=L6 New Designator=L2
Change Component Designator: Old Designator=M232 New Designator=M1
Change Component Designator: Old Designator=M485 New Designator=M3
Change Component Designator: Old Designator=M485_120 New Designator=M2
Change Component Designator: Old Designator=M_232 New Designator=M_1
Change Component Designator: Old Designator=M_485 New Designator=M_2
Change Component Designator: Old Designator=MC34063 New Designator=MC1
Change Component Designator: Old Designator=NRF New Designator=NRF1
Change Component Designator: Old Designator=R32 New Designator=R1
Change Component Designator: Old Designator=R33 New Designator=R2
Change Component Designator: Old Designator=R35 New Designator=R4
Change Component Designator: Old Designator=R36 New Designator=R5
Change Component Designator: Old Designator=R37 New Designator=R6
Change Component Designator: Old Designator=R38 New Designator=R7
Change Component Designator: Old Designator=R39 New Designator=R8
Change Component Designator: Old Designator=R40 New Designator=R9
Change Component Designator: Old Designator=R41 New Designator=R10
Change Component Designator: Old Designator=R42 New Designator=R11
Change Component Designator: Old Designator=R43 New Designator=R12
Change Component Designator: Old Designator=R44 New Designator=R13
Change Component Designator: Old Designator=R45 New Designator=R14
Change Component Designator: Old Designator=R46 New Designator=R15
Change Component Designator: Old Designator=R47 New Designator=R16
Change Component Designator: Old Designator=R48 New Designator=R18
Change Component Designator: Old Designator=R49 New Designator=R19
Change Component Designator: Old Designator=R50 New Designator=R20
Change Component Designator: Old Designator=R51 New Designator=R21
Change Component Designator: Old Designator=R52 New Designator=R22
Change Component Designator: Old Designator=R100 New Designator=R17
Change Component Designator: Old Designator=R? New Designator=R3
Change Component Designator: Old Designator=SPI New Designator=SPI1
Change Component Designator: Old Designator=TJA New Designator=TJA1
Change Component Designator: Old Designator=TPS New Designator=TPS1
Change Component Designator: Old Designator=UART1 New Designator=UART2
Change Component Designator: Old Designator=UART2 New Designator=UART1
Change Component Designator: Old Designator=VIN New Designator=VIN1
Change Component Designator: Old Designator=VIN New Designator=VIN2
